Using pre-set license
Built from '2020.3/staging' branch; Version is '2020.3.5f1 (8095aa901b9b) revision 8426922'; Using compiler version '192528614'; Build Type 'Release'
OS: 'Windows 10 Home; OS build 19042.1052; Version 2009; 64bit' Language: 'tr' Physical Memory: 16272 MB
BatchMode: 1, IsHumanControllingUs: 0, StartBugReporterOnCrash: 0, Is64bit: 1, IsPro: 0

 COMMAND LINE ARGUMENTS:
D:\Unity\2020.3.5f1\Editor\Unity.exe
-adb2
-batchMode
-noUpm
-name
AssetImportWorker0
-projectPath
D:/GitHub/UnityLearn_Counting_Prototype
-logFile
Logs/AssetImportWorker0.log
-srvPort
54310
Successfully changed project path to: D:/GitHub/UnityLearn_Counting_Prototype
D:/GitHub/UnityLearn_Counting_Prototype
Using Asset Import Pipeline V2.
Refreshing native plugins compatible for Editor in 25.98 ms, found 0 plugins.
Preloading 0 native plugins for Editor in 0.00 ms.
Initialize engine version: 2020.3.5f1 (8095aa901b9b)
[Subsystems] Discovering subsystems at path D:/Unity/2020.3.5f1/Editor/Data/Resources/UnitySubsystems
[Subsystems] Discovering subsystems at path D:/GitHub/UnityLearn_Counting_Prototype/Assets
GfxDevice: creating device client; threaded=0
Direct3D:
    Version:  Direct3D 11.0 [level 11.1]
    Renderer: NVIDIA GeForce GTX 1050 Ti (ID=0x1c8c)
    Vendor:   
    VRAM:     4018 MB
    Driver:   27.21.14.6192
Initialize mono
Mono path[0] = 'D:/Unity/2020.3.5f1/Editor/Data/Managed'
Mono path[1] = 'D:/Unity/2020.3.5f1/Editor/Data/MonoBleedingEdge/lib/mono/unityjit'
Mono config path = 'D:/Unity/2020.3.5f1/Editor/Data/MonoBleedingEdge/etc'
Using monoOptions --debugger-agent=transport=dt_socket,embedding=1,server=y,suspend=n,address=127.0.0.1:56608
Begin MonoManager ReloadAssembly
Registering precompiled unity dll's ...
Register platform support module: D:/Unity/2020.3.5f1/Editor/Data/PlaybackEngines/WebGLSupport/UnityEditor.WebGL.Extensions.dll
Register platform support module: D:/Unity/2020.3.5f1/Editor/Data/PlaybackEngines/WindowsStandaloneSupport/UnityEditor.WindowsStandalone.Extensions.dll
Registered in 0.001309 seconds.
Native extension for WindowsStandalone target not found
Native extension for WebGL target not found
Refreshing native plugins compatible for Editor in 22.98 ms, found 0 plugins.
Preloading 0 native plugins for Editor in 0.00 ms.
Mono: successfully reloaded assembly
- Completed reload, in  1.785 seconds
Platform modules already initialized, skipping
Registering precompiled user dll's ...
Registered in 0.000512 seconds.
Begin MonoManager ReloadAssembly
Native extension for WindowsStandalone target not found
Native extension for WebGL target not found
Refreshing native plugins compatible for Editor in 0.49 ms, found 0 plugins.
Preloading 0 native plugins for Editor in 0.00 ms.
Mono: successfully reloaded assembly
- Completed reload, in  1.053 seconds
Platform modules already initialized, skipping
========================================================================
Worker process is ready to serve import requests
Launched and connected shader compiler UnityShaderCompiler.exe after 0.07 seconds
Refreshing native plugins compatible for Editor in 0.25 ms, found 0 plugins.
Preloading 0 native plugins for Editor in 0.00 ms.
Unloading 1117 Unused Serialized files (Serialized files now loaded: 0)
System memory in use before: 57.0 MB.
System memory in use after: 57.0 MB.

Unloading 9 unused Assets to reduce memory usage. Loaded Objects now: 1560.
Total: 2.072000 ms (FindLiveObjects: 0.136600 ms CreateObjectMapping: 0.042700 ms MarkObjects: 1.823700 ms  DeleteObjects: 0.067900 ms)

========================================================================
Received Import Request.
  path: Assets/Counter/Sphere.mat
  artifactKey: Guid(fb9c3834efc64184b81efd1899d8f6a1) Importer(815301076,1909f56bfc062723c751e8b465ee728b)
Start importing Assets/Counter/Sphere.mat using Guid(fb9c3834efc64184b81efd1899d8f6a1) Importer(815301076,1909f56bfc062723c751e8b465ee728b)  -> (artifact id: 'd59081aa495b46e7baec1bfc0d2bf537') in 0.407803 seconds
  Import took 0.410090 seconds .

========================================================================
Received Import Request.
  Time since last request: 0.000314 seconds.
  path: Assets/Counter/Transparent 1.mat
  artifactKey: Guid(54b0c050776a0be4c9e9a675413bbc1d) Importer(815301076,1909f56bfc062723c751e8b465ee728b)
Start importing Assets/Counter/Transparent 1.mat using Guid(54b0c050776a0be4c9e9a675413bbc1d) Importer(815301076,1909f56bfc062723c751e8b465ee728b)  -> (artifact id: '277ae3cc898d7af82f8a19d4a623e466') in 0.287073 seconds
  Import took 0.289618 seconds .

========================================================================
Received Import Request.
  Time since last request: 1.199765 seconds.
  path: Assets/Counter/Scene.unity
  artifactKey: Guid(c237548c21a57894dae9921c31ea3055) Importer(815301076,1909f56bfc062723c751e8b465ee728b)
Start importing Assets/Counter/Scene.unity using Guid(c237548c21a57894dae9921c31ea3055) Importer(815301076,1909f56bfc062723c751e8b465ee728b)  -> (artifact id: '282db21ecd75863fb8c0d3ef4367237e') in 0.007003 seconds
  Import took 0.009012 seconds .

========================================================================
Received Import Request.
  Time since last request: 0.008424 seconds.
  path: Assets/Counter/Scene.unity
  artifactKey: Guid(c237548c21a57894dae9921c31ea3055) Importer(815301076,1909f56bfc062723c751e8b465ee728b)
Start importing Assets/Counter/Scene.unity using Guid(c237548c21a57894dae9921c31ea3055) Importer(815301076,1909f56bfc062723c751e8b465ee728b)  -> (artifact id: '282db21ecd75863fb8c0d3ef4367237e') in 0.002070 seconds
  Import took 0.004695 seconds .

========================================================================
Received Import Request.
  Time since last request: 4.564813 seconds.
  path: Assets/Scripts/Counter.cs
  artifactKey: Guid(23ac8d9e0f1d21044ab42710ee10b3ed) Importer(815301076,1909f56bfc062723c751e8b465ee728b)
Start importing Assets/Scripts/Counter.cs using Guid(23ac8d9e0f1d21044ab42710ee10b3ed) Importer(815301076,1909f56bfc062723c751e8b465ee728b)  -> (artifact id: '990bd639102c4172ea94f2eb345d4cfc') in 0.014065 seconds
  Import took 0.016378 seconds .

========================================================================
Received Import Request.
  Time since last request: 0.533006 seconds.
  path: Assets/Scripts/PlayerController.cs
  artifactKey: Guid(03831370b86dcd54f96df52ab88bf5a9) Importer(815301076,1909f56bfc062723c751e8b465ee728b)
Start importing Assets/Scripts/PlayerController.cs using Guid(03831370b86dcd54f96df52ab88bf5a9) Importer(815301076,1909f56bfc062723c751e8b465ee728b)  -> (artifact id: '86760cd9b316b693eb9db2ff2ab256a8') in 0.008179 seconds
  Import took 0.010355 seconds .

========================================================================
Received Import Request.
  Time since last request: 0.000607 seconds.
  path: Assets/Scripts/PlayerController.cs
  artifactKey: Guid(03831370b86dcd54f96df52ab88bf5a9) Importer(815301076,1909f56bfc062723c751e8b465ee728b)
Start importing Assets/Scripts/PlayerController.cs using Guid(03831370b86dcd54f96df52ab88bf5a9) Importer(815301076,1909f56bfc062723c751e8b465ee728b)  -> (artifact id: '86760cd9b316b693eb9db2ff2ab256a8') in 0.001695 seconds
  Import took 0.004462 seconds .

========================================================================
Received Import Request.
  Time since last request: 0.880220 seconds.
  path: Assets/Scripts
  artifactKey: Guid(bf455dacf2f783d4a876095b16543dfd) Importer(815301076,1909f56bfc062723c751e8b465ee728b)
Start importing Assets/Scripts using Guid(bf455dacf2f783d4a876095b16543dfd) Importer(815301076,1909f56bfc062723c751e8b465ee728b)  -> (artifact id: '244fe6b04a704a6b044abda1155203a8') in 0.008347 seconds
  Import took 0.010173 seconds .

========================================================================
Received Import Request.
  Time since last request: 3.400371 seconds.
  path: Assets/Counter
  artifactKey: Guid(1f42ec7f912c2c64dbe5764cd8537891) Importer(815301076,1909f56bfc062723c751e8b465ee728b)
Start importing Assets/Counter using Guid(1f42ec7f912c2c64dbe5764cd8537891) Importer(815301076,1909f56bfc062723c751e8b465ee728b)  -> (artifact id: '85eb0d1499d521b24c77dbffc0fd0b29') in 0.001404 seconds
  Import took 0.003776 seconds .

========================================================================
Received Import Request.
  Time since last request: 0.000891 seconds.
  path: Assets/Counter
  artifactKey: Guid(1f42ec7f912c2c64dbe5764cd8537891) Importer(815301076,1909f56bfc062723c751e8b465ee728b)
Start importing Assets/Counter using Guid(1f42ec7f912c2c64dbe5764cd8537891) Importer(815301076,1909f56bfc062723c751e8b465ee728b)  -> (artifact id: '85eb0d1499d521b24c77dbffc0fd0b29') in 0.001806 seconds
  Import took 0.004209 seconds .

========================================================================
Received Prepare
Registering precompiled user dll's ...
Registered in 0.000492 seconds.
Begin MonoManager ReloadAssembly
Native extension for WindowsStandalone target not found
Native extension for WebGL target not found
Refreshing native plugins compatible for Editor in 0.20 ms, found 0 plugins.
Preloading 0 native plugins for Editor in 0.00 ms.
Mono: successfully reloaded assembly
- Completed reload, in  0.879 seconds
Platform modules already initialized, skipping
Refreshing native plugins compatible for Editor in 0.20 ms, found 0 plugins.
Preloading 0 native plugins for Editor in 0.00 ms.
Unloading 1111 Unused Serialized files (Serialized files now loaded: 0)
System memory in use before: 60.2 MB.
System memory in use after: 60.3 MB.

Unloading 4 unused Assets to reduce memory usage. Loaded Objects now: 1603.
Total: 2.141700 ms (FindLiveObjects: 0.144700 ms CreateObjectMapping: 0.037200 ms MarkObjects: 1.925200 ms  DeleteObjects: 0.033700 ms)

